Device: cuda
/workspace/src/behavior/dataset.py:36: DtypeWarning: Columns (1) have mixed types. Specify dtype option on import or set low_memory=False.
  df = pd.read_csv(labels_csv)
/workspace/src/behavior/dataset.py:36: DtypeWarning: Columns (1) have mixed types. Specify dtype option on import or set low_memory=False.
  df = pd.read_csv(labels_csv)
Train: 112495  Val: 25100
/opt/conda/lib/python3.10/site-packages/torch/nn/modules/conv.py:605: UserWarning: Plan failed with a cudnnException: CUDNN_BACKEND_EXECUTION_PLAN_DESCRIPTOR: cudnnFinalize Descriptor Failed cudnn_status: CUDNN_STATUS_NOT_SUPPORTED (Triggered internally at /opt/conda/conda-bld/pytorch_1712608935911/work/aten/src/ATen/native/cudnn/Conv_v8.cpp:919.)
  return F.conv3d(
/opt/conda/lib/python3.10/site-packages/torch/nn/modules/conv.py:605: UserWarning: Plan failed with a cudnnException: CUDNN_BACKEND_EXECUTION_PLAN_DESCRIPTOR: cudnnFinalize Descriptor Failed cudnn_status: CUDNN_STATUS_NOT_SUPPORTED (Triggered internally at /opt/conda/conda-bld/pytorch_1712608935911/work/aten/src/ATen/native/cudnn/Conv_v8.cpp:919.)
  return F.conv3d(
Epoch   1 | lr=0.00e+00 | train_loss=0.6051 train_f1=0.7128 | val_loss=0.5284 val_macro_f1=0.7069
         per-class val F1: Standing=0.826  Lying=0.824  Foraging=0.960  Drinking=0.821  Ruminating=0.731  Grooming=0.563  Other=0.222
  -> new best val_macro_f1=0.7069
Epoch   2 | lr=1.67e-05 | train_loss=0.2384 train_f1=0.8996 | val_loss=0.6084 val_macro_f1=0.7280
         per-class val F1: Standing=0.837  Lying=0.792  Foraging=0.977  Drinking=0.855  Ruminating=0.706  Grooming=0.682  Other=0.247
  -> new best val_macro_f1=0.7280
Epoch   3 | lr=3.33e-05 | train_loss=0.2084 train_f1=0.9179 | val_loss=0.6425 val_macro_f1=0.7262
         per-class val F1: Standing=0.859  Lying=0.806  Foraging=0.954  Drinking=0.820  Ruminating=0.676  Grooming=0.684  Other=0.285
Epoch   4 | lr=5.00e-05 | train_loss=0.1734 train_f1=0.9312 | val_loss=0.8133 val_macro_f1=0.7465
         per-class val F1: Standing=0.854  Lying=0.812  Foraging=0.964  Drinking=0.862  Ruminating=0.680  Grooming=0.693  Other=0.360
  -> new best val_macro_f1=0.7465
Epoch   5 | lr=4.98e-05 | train_loss=0.1403 train_f1=0.9462 | val_loss=0.8743 val_macro_f1=0.7367
         per-class val F1: Standing=0.832  Lying=0.817  Foraging=0.965  Drinking=0.852  Ruminating=0.695  Grooming=0.705  Other=0.291
Epoch   6 | lr=4.93e-05 | train_loss=0.1141 train_f1=0.9571 | val_loss=0.9948 val_macro_f1=0.7172
         per-class val F1: Standing=0.837  Lying=0.795  Foraging=0.951  Drinking=0.863  Ruminating=0.641  Grooming=0.682  Other=0.252
Epoch   7 | lr=4.85e-05 | train_loss=0.1027 train_f1=0.9607 | val_loss=0.9588 val_macro_f1=0.7468
         per-class val F1: Standing=0.841  Lying=0.826  Foraging=0.965  Drinking=0.880  Ruminating=0.726  Grooming=0.729  Other=0.261
  -> new best val_macro_f1=0.7468
Epoch   8 | lr=4.73e-05 | train_loss=0.0866 train_f1=0.9669 | val_loss=0.9815 val_macro_f1=0.7505
         per-class val F1: Standing=0.858  Lying=0.817  Foraging=0.971  Drinking=0.870  Ruminating=0.704  Grooming=0.762  Other=0.272
  -> new best val_macro_f1=0.7505
Epoch   9 | lr=4.59e-05 | train_loss=0.0800 train_f1=0.9704 | val_loss=1.0177 val_macro_f1=0.7419
         per-class val F1: Standing=0.851  Lying=0.822  Foraging=0.962  Drinking=0.891  Ruminating=0.712  Grooming=0.635  Other=0.321
Epoch  10 | lr=4.41e-05 | train_loss=0.0729 train_f1=0.9748 | val_loss=1.0909 val_macro_f1=0.7406
         per-class val F1: Standing=0.854  Lying=0.807  Foraging=0.968  Drinking=0.859  Ruminating=0.705  Grooming=0.662  Other=0.329
Epoch  11 | lr=4.22e-05 | train_loss=0.0579 train_f1=0.9785 | val_loss=1.2729 val_macro_f1=0.7254
         per-class val F1: Standing=0.846  Lying=0.817  Foraging=0.960  Drinking=0.876  Ruminating=0.643  Grooming=0.700  Other=0.237
Epoch  12 | lr=3.99e-05 | train_loss=0.0551 train_f1=0.9802 | val_loss=0.9814 val_macro_f1=0.7342
         per-class val F1: Standing=0.848  Lying=0.805  Foraging=0.967  Drinking=0.887  Ruminating=0.709  Grooming=0.664  Other=0.260
Epoch  13 | lr=3.75e-05 | train_loss=0.0425 train_f1=0.9839 | val_loss=1.4579 val_macro_f1=0.7392
         per-class val F1: Standing=0.852  Lying=0.825  Foraging=0.969  Drinking=0.886  Ruminating=0.691  Grooming=0.702  Other=0.250
Epoch  14 | lr=3.49e-05 | train_loss=0.0356 train_f1=0.9861 | val_loss=1.3310 val_macro_f1=0.7414
         per-class val F1: Standing=0.861  Lying=0.810  Foraging=0.967  Drinking=0.898  Ruminating=0.678  Grooming=0.690  Other=0.285
Epoch  15 | lr=3.22e-05 | train_loss=0.0323 train_f1=0.9874 | val_loss=1.3060 val_macro_f1=0.7269
         per-class val F1: Standing=0.849  Lying=0.803  Foraging=0.970  Drinking=0.875  Ruminating=0.655  Grooming=0.669  Other=0.267
Epoch  16 | lr=2.93e-05 | train_loss=0.0245 train_f1=0.9897 | val_loss=1.4857 val_macro_f1=0.7364
         per-class val F1: Standing=0.842  Lying=0.814  Foraging=0.966  Drinking=0.885  Ruminating=0.689  Grooming=0.674  Other=0.285
Early stopping at epoch 16 (patience=8)
Done. Best val_macro_f1=0.7505. Outputs in runs/behavior/videomae_combined_v2
